app/build/outputs/logs/manifest-merger-debug-report.txt
-- Merging decision tree log ---
manifest
ADDED from src\main\AndroidManifest.xml:1:1-174:12
	xmlns:android
		ADDED from src\main\AndroidManifest.xml:1:11-69
	package
		ADDED from src\main\AndroidManifest.xml:2:9-40
		INJECTED from src\main\AndroidManifest.xml
		INJECTED from src\main\AndroidManifest.xml
	android:versionName
		ADDED from src\main\AndroidManifest.xml:3:33-58
		INJECTED from src\main\AndroidManifest.xml
		INJECTED from src\main\AndroidManifest.xml
	android:versionCode
		ADDED from src\main\AndroidManifest.xml:3:9-32
		INJECTED from src\main\AndroidManifest.xml
		INJECTED from src\main\AndroidManifest.xml
uses-permission#android.permission.RECEIVE_BOOT_COMPLETED
ADDED from src\main\AndroidManifest.xml:5:5-81
	android:name
		ADDED from src\main\AndroidManifest.xml:5:22-78
uses-permission#android.permission.WAKE_LOCK
ADDED from src\main\AndroidManifest.xml:6:5-67
	android:name
		ADDED from src\main\AndroidManifest.xml:6:22-65
uses-permission#android.permission.VIBRATE
ADDED from src\main\AndroidManifest.xml:7:5-65
MERGED from [LightUpDroid-Alarm-master:datetimepicker:unspecified] AndroidManifest.xml:24:5-66
	android:name
		ADDED from src\main\AndroidManifest.xml:7:22-63
uses-permission#android.permission.WRITE_SETTINGS
ADDED from src\main\AndroidManifest.xml:8:5-73
	android:name
		ADDED from src\main\AndroidManifest.xml:8:22-70
uses-permission#android.permission.DISABLE_KEYGUARD
ADDED from src\main\AndroidManifest.xml:9:5-75
	android:name
		ADDED from src\main\AndroidManifest.xml:9:22-72
uses-permission#android.permission.READ_PHONE_STATE
ADDED from src\main\AndroidManifest.xml:10:5-75
	android:name
		ADDED from src\main\AndroidManifest.xml:10:22-72
uses-permission#android.permission.DEVICE_POWER
ADDED from src\main\AndroidManifest.xml:11:5-71
	android:name
		ADDED from src\main\AndroidManifest.xml:11:22-68
uses-permission#android.permission.READ_EXTERNAL_STORAGE
ADDED from src\main\AndroidManifest.xml:12:5-80
	android:name
		ADDED from src\main\AndroidManifest.xml:12:22-77
uses-permission#android.permission.INTERNET
ADDED from src\main\AndroidManifest.xml:13:5-67
	android:name
		ADDED from src\main\AndroidManifest.xml:13:22-64
uses-permission#android.permission.ACCESS_NETWORK_STATE
ADDED from src\main\AndroidManifest.xml:14:5-79
	android:name
		ADDED from src\main\AndroidManifest.xml:14:22-76
uses-sdk
ADDED from src\main\AndroidManifest.xml:15:5-84
MERGED from [LightUpDroid-Alarm-master:datetimepicker:unspecified] AndroidManifest.xml:22:5-44
MERGED from [com.android.support:support-v13:21.0.3] AndroidManifest.xml:15:5-43
MERGED from [com.android.support:support-v4:21.0.3] AndroidManifest.xml:15:5-42
MERGED from [com.android.support:support-v13:21.0.3] AndroidManifest.xml:15:5-43
MERGED from [com.android.support:support-v4:21.0.3] AndroidManifest.xml:15:5-42
MERGED from [com.android.support:recyclerview-v7:21.0.3] AndroidManifest.xml:15:5-42
MERGED from [com.android.support:support-v4:21.0.3] AndroidManifest.xml:15:5-42
MERGED from [com.daimajia.swipelayout:library:1.2.0] AndroidManifest.xml:6:5-8:41
MERGED from [com.daimajia.easing:library:1.0.1] AndroidManifest.xml:8:5-10:41
MERGED from [com.daimajia.androidanimations:library:1.1.2] AndroidManifest.xml:8:5-10:41
MERGED from [jp.wasabeef:recyclerview-animators:1.0.3] AndroidManifest.xml:8:5-10:41
MERGED from [com.github.navasmdc:MaterialDesign:1.5] AndroidManifest.xml:7:5-9:41
	android:targetSdkVersion
		ADDED from src\main\AndroidManifest.xml:15:42-71
		INJECTED from src\main\AndroidManifest.xml
		INJECTED from src\main\AndroidManifest.xml
	android:minSdkVersion
		ADDED from src\main\AndroidManifest.xml:15:15-41
		INJECTED from src\main\AndroidManifest.xml
		INJECTED from src\main\AndroidManifest.xml
application
ADDED from src\main\AndroidManifest.xml:17:5-173:19
MERGED from [com.android.support:support-v13:21.0.3] AndroidManifest.xml:16:5-19
MERGED from [com.android.support:support-v4:21.0.3] AndroidManifest.xml:16:5-19
MERGED from [com.android.support:support-v13:21.0.3] AndroidManifest.xml:16:5-19
MERGED from [com.android.support:support-v4:21.0.3] AndroidManifest.xml:16:5-19
MERGED from [com.android.support:recyclerview-v7:21.0.3] AndroidManifest.xml:17:5-19:19
MERGED from [com.android.support:support-v4:21.0.3] AndroidManifest.xml:16:5-19
MERGED from [com.github.navasmdc:MaterialDesign:1.5] AndroidManifest.xml:11:5-47
	android:allowBackup
		ADDED from [com.github.navasmdc:MaterialDesign:1.5] AndroidManifest.xml:11:18-44
	android:supportsRtl
		ADDED from src\main\AndroidManifest.xml:20:18-44
	android:label
		ADDED from src\main\AndroidManifest.xml:17:18-51
	android:icon
		ADDED from src\main\AndroidManifest.xml:18:18-54
	android:requiredForAllUsers
		ADDED from src\main\AndroidManifest.xml:19:18-52
provider#com.numberx.kkmctimer.provider.ClockProvider
ADDED from src\main\AndroidManifest.xml:22:9-24:44
	android:exported
		ADDED from src\main\AndroidManifest.xml:24:17-41
	android:authorities
		ADDED from src\main\AndroidManifest.xml:23:17-60
	android:name
		ADDED from src\main\AndroidManifest.xml:22:19-78
activity#com.numberx.kkmctimer.DeskClock
ADDED from src\main\AndroidManifest.xml:26:9-39:20
	android:screenOrientation
		ADDED from src\main\AndroidManifest.xml:30:17-53
	android:label
		ADDED from src\main\AndroidManifest.xml:27:17-50
	android:icon
		ADDED from src\main\AndroidManifest.xml:29:17-51
	android:theme
		ADDED from src\main\AndroidManifest.xml:28:17-49
	android:name
		ADDED from src\main\AndroidManifest.xml:26:19-65
	android:launchMode
		ADDED from src\main\AndroidManifest.xml:31:17-48
intent-filter#android.intent.action.MAIN+android.intent.category.DEFAULT+android.intent.category.LAUNCHER
ADDED from src\main\AndroidManifest.xml:34:13-38:29
action#android.intent.action.MAIN
ADDED from src\main\AndroidManifest.xml:35:17-69
	android:name
		ADDED from src\main\AndroidManifest.xml:35:25-66
category#android.intent.category.DEFAULT
ADDED from src\main\AndroidManifest.xml:36:17-76
	android:name
		ADDED from src\main\AndroidManifest.xml:36:27-73
category#android.intent.category.LAUNCHER
ADDED from src\main\AndroidManifest.xml:37:17-77
	android:name
		ADDED from src\main\AndroidManifest.xml:37:27-74
activity-alias#com.numberx.kkmctimer.DockClock
ADDED from src\main\AndroidManifest.xml:41:9-54:26
	android:label
		ADDED from src\main\AndroidManifest.xml:43:17-50
	android:icon
		ADDED from src\main\AndroidManifest.xml:45:17-51
	android:theme
		ADDED from src\main\AndroidManifest.xml:44:17-49
	android:enabled
		ADDED from src\main\AndroidManifest.xml:47:17-62
	android:targetActivity
		ADDED from src\main\AndroidManifest.xml:42:17-73
	android:name
		ADDED from src\main\AndroidManifest.xml:41:25-49
	android:launchMode
		ADDED from src\main\AndroidManifest.xml:46:17-48
intent-filter#android.intent.action.MAIN+android.intent.category.DEFAULT+android.intent.category.DESK_DOCK
ADDED from src\main\AndroidManifest.xml:49:13-53:29
category#android.intent.category.DESK_DOCK
ADDED from src\main\AndroidManifest.xml:52:17-78
	android:name
		ADDED from src\main\AndroidManifest.xml:52:27-75
activity#com.numberx.kkmctimer.SettingsActivity
ADDED from src\main\AndroidManifest.xml:56:9-66:20
	android:screenOrientation
		ADDED from src\main\AndroidManifest.xml:59:17-53
	android:label
		ADDED from src\main\AndroidManifest.xml:57:17-49
	android:theme
		ADDED from src\main\AndroidManifest.xml:58:17-53
	android:excludeFromRecents
		ADDED from src\main\AndroidManifest.xml:61:17-50
	android:taskAffinity
		ADDED from src\main\AndroidManifest.xml:60:17-40
	android:name
		ADDED from src\main\AndroidManifest.xml:56:19-72
intent-filter#android.intent.action.MAIN
ADDED from src\main\AndroidManifest.xml:63:13-65:29
activity#com.numberx.kkmctimer.worldclock.CitiesActivity
ADDED from src\main\AndroidManifest.xml:68:9-78:20
	android:screenOrientation
		ADDED from src\main\AndroidManifest.xml:71:17-53
	android:label
		ADDED from src\main\AndroidManifest.xml:69:17-62
	android:theme
		ADDED from src\main\AndroidManifest.xml:70:17-51
	android:excludeFromRecents
		ADDED from src\main\AndroidManifest.xml:73:17-50
	android:taskAffinity
		ADDED from src\main\AndroidManifest.xml:72:17-40
	android:name
		ADDED from src\main\AndroidManifest.xml:68:19-81
activity#com.numberx.kkmctimer.topic.TopicActivity
ADDED from src\main\AndroidManifest.xml:80:9-90:20
	android:screenOrientation
		ADDED from src\main\AndroidManifest.xml:83:13-49
	android:label
		ADDED from src\main\AndroidManifest.xml:81:13-57
	android:theme
		ADDED from src\main\AndroidManifest.xml:82:13-46
	android:excludeFromRecents
		ADDED from src\main\AndroidManifest.xml:85:13-46
	android:taskAffinity
		ADDED from src\main\AndroidManifest.xml:84:13-36
	android:name
		ADDED from src\main\AndroidManifest.xml:80:19-75
activity#com.numberx.kkmctimer.alarms.AlarmActivity
ADDED from src\main\AndroidManifest.xml:92:9-98:100
	android:windowSoftInputMode
		ADDED from src\main\AndroidManifest.xml:96:17-64
	android:configChanges
		ADDED from src\main\AndroidManifest.xml:98:17-98
	android:theme
		ADDED from src\main\AndroidManifest.xml:95:17-65
	android:showOnLockScreen
		ADDED from src\main\AndroidManifest.xml:97:17-48
	android:excludeFromRecents
		ADDED from src\main\AndroidManifest.xml:94:17-50
	android:taskAffinity
		ADDED from src\main\AndroidManifest.xml:93:17-40
	android:name
		ADDED from src\main\AndroidManifest.xml:92:19-76
activity#com.numberx.kkmctimer.ScreensaverActivity
ADDED from src\main\AndroidManifest.xml:100:9-104:90
	android:configChanges
		ADDED from src\main\AndroidManifest.xml:104:17-87
	android:theme
		ADDED from src\main\AndroidManifest.xml:103:17-64
	android:excludeFromRecents
		ADDED from src\main\AndroidManifest.xml:101:17-50
	android:taskAffinity
		ADDED from src\main\AndroidManifest.xml:102:17-40
	android:name
		ADDED from src\main\AndroidManifest.xml:100:19-75
receiver#com.numberx.kkmctimer.alarms.AlarmStateManager
ADDED from src\main\AndroidManifest.xml:106:9-108:20
	android:exported
		ADDED from src\main\AndroidManifest.xml:107:19-43
	android:name
		ADDED from src\main\AndroidManifest.xml:106:19-80
service#com.numberx.kkmctimer.alarms.AlarmService
ADDED from src\main\AndroidManifest.xml:110:9-112:19
	android:exported
		ADDED from src\main\AndroidManifest.xml:111:18-42
	android:name
		ADDED from src\main\AndroidManifest.xml:110:18-74
activity#com.numberx.kkmctimer.HandleApiCalls
ADDED from src\main\AndroidManifest.xml:114:9-130:20
	android:theme
		ADDED from src\main\AndroidManifest.xml:115:17-63
	android:permission
		ADDED from src\main\AndroidManifest.xml:117:17-76
	android:excludeFromRecents
		ADDED from src\main\AndroidManifest.xml:116:17-50
	android:name
		ADDED from src\main\AndroidManifest.xml:114:19-70
intent-filter#android.intent.action.SET_ALARM+android.intent.category.DEFAULT
ADDED from src\main\AndroidManifest.xml:118:13-121:29
action#android.intent.action.SET_ALARM
ADDED from src\main\AndroidManifest.xml:119:17-74
	android:name
		ADDED from src\main\AndroidManifest.xml:119:25-71
intent-filter#android.intent.action.SHOW_ALARMS+android.intent.category.DEFAULT
ADDED from src\main\AndroidManifest.xml:122:13-125:29
action#android.intent.action.SHOW_ALARMS
ADDED from src\main\AndroidManifest.xml:123:17-76
	android:name
		ADDED from src\main\AndroidManifest.xml:123:25-73
intent-filter#android.intent.action.SET_TIMER+android.intent.category.DEFAULT
ADDED from src\main\AndroidManifest.xml:126:13-129:29
action#android.intent.action.SET_TIMER
ADDED from src\main\AndroidManifest.xml:127:17-74
	android:name
		ADDED from src\main\AndroidManifest.xml:127:25-71
activity-alias#com.numberx.kkmctimer.HandleSetAlarm
ADDED from src\main\AndroidManifest.xml:132:9-135:26
	android:exported
		ADDED from src\main\AndroidManifest.xml:134:13-36
	android:targetActivity
		ADDED from src\main\AndroidManifest.xml:133:13-74
	android:name
		ADDED from src\main\AndroidManifest.xml:132:25-54
receiver#com.numberx.kkmctimer.AlarmInitReceiver
ADDED from src\main\AndroidManifest.xml:138:9-145:20
	android:name
		ADDED from src\main\AndroidManifest.xml:138:19-73
intent-filter#android.intent.action.BOOT_COMPLETED+android.intent.action.LOCALE_CHANGED+android.intent.action.TIMEZONE_CHANGED+android.intent.action.TIME_SET
ADDED from src\main\AndroidManifest.xml:139:13-144:29
	android:priority
		ADDED from src\main\AndroidManifest.xml:139:28-51
action#android.intent.action.BOOT_COMPLETED
ADDED from src\main\AndroidManifest.xml:140:17-79
	android:name
		ADDED from src\main\AndroidManifest.xml:140:25-76
action#android.intent.action.TIME_SET
ADDED from src\main\AndroidManifest.xml:141:17-73
	android:name
		ADDED from src\main\AndroidManifest.xml:141:25-70
action#android.intent.action.TIMEZONE_CHANGED
ADDED from src\main\AndroidManifest.xml:142:17-81
	android:name
		ADDED from src\main\AndroidManifest.xml:142:25-78
action#android.intent.action.LOCALE_CHANGED
ADDED from src\main\AndroidManifest.xml:143:17-79
	android:name
		ADDED from src\main\AndroidManifest.xml:143:25-76
service#com.numberx.kkmctimer.Screensaver
ADDED from src\main\AndroidManifest.xml:148:9-158:19
	android:label
		ADDED from src\main\AndroidManifest.xml:150:13-46
	android:exported
		ADDED from src\main\AndroidManifest.xml:149:13-36
	android:name
		ADDED from src\main\AndroidManifest.xml:148:18-66
intent-filter#android.intent.category.DEFAULT+android.service.dreams.DreamService
ADDED from src\main\AndroidManifest.xml:151:13-154:29
action#android.service.dreams.DreamService
ADDED from src\main\AndroidManifest.xml:152:17-78
	android:name
		ADDED from src\main\AndroidManifest.xml:152:25-75
meta-data#android.service.dream
ADDED from src\main\AndroidManifest.xml:155:13-157:54
	android:resource
		ADDED from src\main\AndroidManifest.xml:157:17-51
	android:name
		ADDED from src\main\AndroidManifest.xml:156:17-53
activity#com.numberx.kkmctimer.ScreensaverSettingsActivity
ADDED from src\main\AndroidManifest.xml:161:9-171:20
	android:label
		ADDED from src\main\AndroidManifest.xml:162:17-61
	android:theme
		ADDED from src\main\AndroidManifest.xml:163:17-58
	android:exported
		ADDED from src\main\AndroidManifest.xml:166:17-40
	android:excludeFromRecents
		ADDED from src\main\AndroidManifest.xml:165:17-50
	android:taskAffinity
		ADDED from src\main\AndroidManifest.xml:164:17-40
	android:name
		ADDED from src\main\AndroidManifest.xml:161:19-83
activity#android.support.v7.widget.TestActivity
ADDED from [com.android.support:recyclerview-v7:21.0.3] AndroidManifest.xml:18:9-115
	android:label
		ADDED from [com.android.support:recyclerview-v7:21.0.3] AndroidManifest.xml:18:19-59
	android:name
		ADDED from [com.android.support:recyclerview-v7:21.0.3] AndroidManifest.xml:18:60-113